
2020/08/12 18:02:53.101  INFO  -  [main] com.flightapp.service.ViewAndModifyBookingServiceImpl : Returned list of bookings...!!
 2020/08/12 18:02:55.418  ERROR -  [main] com.flightapp.service.ViewAndModifyBookingServiceImpl : No bookings found for the given User..!!
 2020/08/12 18:08:39.055  INFO  -  [main] com.flightapp.service.ViewAndModifyBookingServiceImpl : Returned list of bookings...!!
 2020/08/12 18:08:41.183  ERROR -  [main] com.flightapp.service.ViewAndModifyBookingServiceImpl : No bookings found for the given User..!!
 2020/08/12 18:10:45.168  INFO  -  [main] com.flightapp.service.ViewAndModifyBookingServiceImpl : Returned list of bookings...!!
 2020/08/12 18:10:48.446  ERROR -  [main] com.flightapp.service.ViewAndModifyBookingServiceImpl : No bookings found for the given User..!!
 2020/08/12 18:14:22.725  INFO  -  [main] com.flightapp.service.ViewAndModifyBookingServiceImpl : Returned list of bookings...!!
 2020/08/12 18:14:25.927  ERROR -  [main] com.flightapp.service.ViewAndModifyBookingServiceImpl : No bookings found for the given User..!!
 2020/08/12 18:22:34.248  INFO  -  [main] com.flightapp.service.ViewAndModifyBookingServiceImpl : Returned list of bookings...!!
 2020/08/12 18:22:37.351  ERROR -  [main] com.flightapp.service.ViewAndModifyBookingServiceImpl : No bookings found for the given User..!!
2020/08/12 18:02:28.185  INFO  -  [main] com.flightapp.service.ViewAndModifyBookingServiceImpl : Returned list of bookings...!!
 2020/08/12 18:02:31.438  ERROR -  [main] com.flightapp.service.ViewAndModifyBookingServiceImpl : No bookings found for the given User..!!
 2020/08/13 09:02:18.394  INFO  -  [main] com.flightapp.service.ViewAndModifyBookingServiceImpl : Returned list of bookings...!!
 2020/08/13 09:02:21.601  ERROR -  [main] com.flightapp.service.ViewAndModifyBookingServiceImpl : No bookings found for the given User..!!
 2020/08/13 09:11:36.032  INFO  -  [main] com.flightapp.service.ViewAndModifyBookingServiceImpl : Returned list of bookings...!!
 2020/08/13 09:11:38.950  ERROR -  [main] com.flightapp.service.ViewAndModifyBookingServiceImpl : No bookings found for the given User..!!
 2020/08/13 09:13:53.067  INFO  -  [main] com.flightapp.service.ViewAndModifyBookingServiceImpl : Returned list of bookings...!!
 2020/08/13 09:13:56.469  ERROR -  [main] com.flightapp.service.ViewAndModifyBookingServiceImpl : No bookings found for the given User..!!
 2020/08/13 09:15:18.641  INFO  -  [main] com.flightapp.service.ViewAndModifyBookingServiceImpl : Returned list of bookings...!!
 2020/08/13 09:15:20.398  INFO  -  [main] com.flightapp.service.ViewAndModifyBookingServiceImpl : Successfully modified the booking..!!
 2020/08/13 09:15:24.235  ERROR -  [main] com.flightapp.service.ViewAndModifyBookingServiceImpl : No bookings found for the given User..!!
 2020/08/13 09:28:44.156  INFO  -  [main] com.flightapp.service.ViewAndModifyBookingServiceImpl : Returned list of bookings...!!
 2020/08/13 09:28:48.655  INFO  -  [main] com.flightapp.service.ViewAndModifyBookingServiceImpl : Successfully modified the booking..!!
 2020/08/13 09:28:59.454  ERROR -  [main] com.flightapp.service.ViewAndModifyBookingServiceImpl : No bookings found for the given User..!!
 2020/08/13 09:29:00.166  ERROR -  [main] com.flightapp.service.ViewAndModifyBookingServiceImpl : No booking found with given Id..!!
 2020/08/13 09:29:01.111  ERROR -  [main] com.flightapp.service.ViewAndModifyBookingServiceImpl : No booking found with given Id..!!
 2020/08/13 09:35:27.003  INFO  -  [main] com.flightapp.service.ViewAndModifyBookingServiceImpl : Returned list of bookings...!!
 2020/08/13 09:35:27.744  ERROR -  [main] com.flightapp.service.ViewAndModifyBookingServiceImpl : No booking found with given Id..!!
 2020/08/13 09:35:28.433  INFO  -  [main] com.flightapp.service.ViewAndModifyBookingServiceImpl : Successfully modified the booking..!!
 2020/08/13 09:35:31.552  ERROR -  [main] com.flightapp.service.ViewAndModifyBookingServiceImpl : No bookings found for the given User..!!
 2020/08/13 09:35:32.251  INFO  -  [main] com.flightapp.service.ViewAndModifyBookingServiceImpl : Successfully cancelled the booking..!!
 2020/08/13 09:35:33.307  ERROR -  [main] com.flightapp.service.ViewAndModifyBookingServiceImpl : No booking found with given Id..!!
 2020/08/13 09:36:48.358  INFO  -  [main] com.flightapp.service.ViewAndModifyBookingServiceImpl : Returned list of bookings...!!
 2020/08/13 09:36:49.143  ERROR -  [main] com.flightapp.service.ViewAndModifyBookingServiceImpl : No booking found with given Id..!!
 2020/08/13 09:36:49.956  INFO  -  [main] com.flightapp.service.ViewAndModifyBookingServiceImpl : Successfully modified the booking..!!
 2020/08/13 09:36:53.126  ERROR -  [main] com.flightapp.service.ViewAndModifyBookingServiceImpl : No bookings found for the given User..!!
 2020/08/13 09:36:53.836  INFO  -  [main] com.flightapp.service.ViewAndModifyBookingServiceImpl : Successfully cancelled the booking..!!
 2020/08/13 09:36:54.988  ERROR -  [main] com.flightapp.service.ViewAndModifyBookingServiceImpl : No booking found with given Id..!!2020/08/14 12:14:58.630  INFO  -  [http-nio-8085-exec-1] com.flightapp.service.ViewAndModifyBookingServiceImpl : Returned list of bookings...!!
 2020/08/14 12:15:51.840  ERROR -  [http-nio-8085-exec-3] com.flightapp.service.ViewAndModifyBookingServiceImpl : No bookings found for the given User..!!
 2020/08/14 12:16:32.039  INFO  -  [http-nio-8085-exec-4] com.flightapp.service.ViewAndModifyBookingServiceImpl : Successfully cancelled the booking..!!
 2020/08/14 12:16:51.657  ERROR -  [http-nio-8085-exec-6] com.flightapp.service.ViewAndModifyBookingServiceImpl : No booking found with given Id..!!
 2020/08/14 12:21:22.208  INFO  -  [http-nio-8085-exec-7] com.flightapp.service.ViewAndModifyBookingServiceImpl : Successfully modified the booking..!!
 2020/08/14 12:21:34.525  ERROR -  [http-nio-8085-exec-9] com.flightapp.service.ViewAndModifyBookingServiceImpl : No booking found with given Id..!!
 2020/08/15 13:24:40.567  INFO  -  [http-nio-8085-exec-1] com.flightapp.service.ViewAndModifyBookingServiceImpl : Returned list of bookings...!!
 2020/08/15 13:34:15.148  INFO  -  [http-nio-8085-exec-5] com.flightapp.service.ViewAndModifyBookingServiceImpl : Returned list of bookings...!!
 2020/08/15 13:35:12.625  INFO  -  [http-nio-8085-exec-7] com.flightapp.service.ViewAndModifyBookingServiceImpl : Returned list of bookings...!!
 2020/08/15 13:35:41.704  INFO  -  [http-nio-8085-exec-9] com.flightapp.service.ViewAndModifyBookingServiceImpl : Returned list of bookings...!!
 2020/08/15 13:36:16.683  INFO  -  [http-nio-8085-exec-10] com.flightapp.service.ViewAndModifyBookingServiceImpl : Returned list of bookings...!!
 2020/08/15 13:39:21.831  INFO  -  [http-nio-8085-exec-1] com.flightapp.service.ViewAndModifyBookingServiceImpl : Returned list of bookings...!!
 2020/08/15 13:39:47.293  INFO  -  [http-nio-8085-exec-4] com.flightapp.service.ViewAndModifyBookingServiceImpl : Returned list of bookings...!!
 2020/08/15 13:39:51.982  INFO  -  [http-nio-8085-exec-5] com.flightapp.service.ViewAndModifyBookingServiceImpl : Returned list of bookings...!!
 2020/08/15 13:40:50.109  INFO  -  [http-nio-8085-exec-7] com.flightapp.service.ViewAndModifyBookingServiceImpl : Returned list of bookings...!!
 2020/08/15 13:43:03.265  INFO  -  [http-nio-8085-exec-9] com.flightapp.service.ViewAndModifyBookingServiceImpl : Returned list of bookings...!!
 2020/08/15 13:43:07.457  INFO  -  [http-nio-8085-exec-10] com.flightapp.service.ViewAndModifyBookingServiceImpl : Returned list of bookings...!!
 2020/08/15 13:43:18.624  INFO  -  [http-nio-8085-exec-1] com.flightapp.service.ViewAndModifyBookingServiceImpl : Returned list of bookings...!!
 

